1678114155458	geckodriver	INFO	Listening on 127.0.0.1:51954
1678114155962	mozrunner::runner	INFO	Running command: "/Applications/Firefox.app/Contents/MacOS/firefox-bin" "--marionette" "--remote-debugging-port" "51955" "--r ... s" "localhost" "-foreground" "-no-remote" "-profile" "/var/folders/vp/87s66ptx7k39w763vq3mc00h0000gn/T/rust_mozprofileJ7I3VQ"
1678114157578	Marionette	INFO	Marionette enabled
1678114157655	Marionette	INFO	Listening on port 51980
Read port: 51980
WebDriver BiDi listening on ws://127.0.0.1:51955
1678114158425	RemoteAgent	WARN	TLS certificate errors will be ignored for this session
console.warn: SearchSettings: "get: No settings file exists, new profile?" (new NotFoundError("Could not open the file at /var/folders/vp/87s66ptx7k39w763vq3mc00h0000gn/T/rust_mozprofileJ7I3VQ/search.json.mozlz4", (void 0)))
DevTools listening on ws://127.0.0.1:51955/devtools/browser/a6123bf4-c5df-482f-9dd7-f1f97769316f
JavaScript warning: https://pagead2.googlesyndication.com/bg/hTGw0iTttGPYNj9jnBVYIcaXVb8tbW1IYYT-gsExgL0.js line 2 > eval line 4615 > eval line 1 > eval line 1 > eval, line 1: WEBGL_debug_renderer_info is deprecated in Firefox and will be removed. Please use RENDERER.
JavaScript warning: https://pagead2.googlesyndication.com/bg/hTGw0iTttGPYNj9jnBVYIcaXVb8tbW1IYYT-gsExgL0.js line 2 > eval line 293 > eval line 1 > eval line 1 > eval, line 1: WEBGL_debug_renderer_info is deprecated in Firefox and will be removed. Please use RENDERER.
JavaScript error: , line 0: TypeError: NetworkError when attempting to fetch resource.
JavaScript error: , line 0: TypeError: NetworkError when attempting to fetch resource.
JavaScript warning: https://pagead2.googlesyndication.com/bg/hTGw0iTttGPYNj9jnBVYIcaXVb8tbW1IYYT-gsExgL0.js line 2 > eval line 7382 > eval line 1 > eval line 1 > eval, line 1: WEBGL_debug_renderer_info is deprecated in Firefox and will be removed. Please use RENDERER.
JavaScript warning: https://pagead2.googlesyndication.com/bg/hTGw0iTttGPYNj9jnBVYIcaXVb8tbW1IYYT-gsExgL0.js line 2 > eval line 5517 > eval line 1 > eval line 1 > eval, line 1: WEBGL_debug_renderer_info is deprecated in Firefox and will be removed. Please use RENDERER.
JavaScript warning: https://pagead2.googlesyndication.com/bg/hTGw0iTttGPYNj9jnBVYIcaXVb8tbW1IYYT-gsExgL0.js line 2 > eval line 7685 > eval line 1 > eval line 1 > eval, line 1: WEBGL_debug_renderer_info is deprecated in Firefox and will be removed. Please use RENDERER.
JavaScript error: , line 0: TypeError: NetworkError when attempting to fetch resource.
JavaScript error: , line 0: TypeError: NetworkError when attempting to fetch resource.
JavaScript error: , line 0: TypeError: NetworkError when attempting to fetch resource.
JavaScript warning: https://pagead2.googlesyndication.com/bg/hTGw0iTttGPYNj9jnBVYIcaXVb8tbW1IYYT-gsExgL0.js line 2 > eval line 6273 > eval line 1 > eval line 1 > eval, line 1: WEBGL_debug_renderer_info is deprecated in Firefox and will be removed. Please use RENDERER.
JavaScript warning: https://pagead2.googlesyndication.com/bg/hTGw0iTttGPYNj9jnBVYIcaXVb8tbW1IYYT-gsExgL0.js line 2 > eval line 4119 > eval line 1 > eval line 1 > eval, line 1: WEBGL_debug_renderer_info is deprecated in Firefox and will be removed. Please use RENDERER.
JavaScript warning: https://pagead2.googlesyndication.com/bg/hTGw0iTttGPYNj9jnBVYIcaXVb8tbW1IYYT-gsExgL0.js line 2 > eval line 2407 > eval line 1 > eval line 1 > eval, line 1: WEBGL_debug_renderer_info is deprecated in Firefox and will be removed. Please use RENDERER.
JavaScript error: , line 0: TypeError: NetworkError when attempting to fetch resource.
JavaScript error: , line 0: TypeError: NetworkError when attempting to fetch resource.
JavaScript warning: https://pagead2.googlesyndication.com/bg/hTGw0iTttGPYNj9jnBVYIcaXVb8tbW1IYYT-gsExgL0.js line 2 > eval line 1780 > eval line 1 > eval line 1 > eval, line 1: WEBGL_debug_renderer_info is deprecated in Firefox and will be removed. Please use RENDERER.
JavaScript error: , line 0: TypeError: NetworkError when attempting to fetch resource.
JavaScript warning: https://pagead2.googlesyndication.com/bg/hTGw0iTttGPYNj9jnBVYIcaXVb8tbW1IYYT-gsExgL0.js line 2 > eval line 967 > eval line 1 > eval line 1 > eval, line 1: WEBGL_debug_renderer_info is deprecated in Firefox and will be removed. Please use RENDERER.
JavaScript error: , line 0: TypeError: NetworkError when attempting to fetch resource.
JavaScript warning: https://pagead2.googlesyndication.com/bg/hTGw0iTttGPYNj9jnBVYIcaXVb8tbW1IYYT-gsExgL0.js line 2 > eval line 7705 > eval line 1 > eval line 1 > eval, line 1: WEBGL_debug_renderer_info is deprecated in Firefox and will be removed. Please use RENDERER.
JavaScript error: , line 0: TypeError: NetworkError when attempting to fetch resource.
JavaScript error: , line 0: TypeError: NetworkError when attempting to fetch resource.
JavaScript error: , line 0: TypeError: NetworkError when attempting to fetch resource.
JavaScript warning: https://pagead2.googlesyndication.com/bg/hTGw0iTttGPYNj9jnBVYIcaXVb8tbW1IYYT-gsExgL0.js line 2 > eval line 3316 > eval line 1 > eval line 1 > eval, line 1: WEBGL_debug_renderer_info is deprecated in Firefox and will be removed. Please use RENDERER.
JavaScript warning: https://pagead2.googlesyndication.com/bg/hTGw0iTttGPYNj9jnBVYIcaXVb8tbW1IYYT-gsExgL0.js line 2 > eval line 2368 > eval line 1 > eval line 1 > eval, line 1: WEBGL_debug_renderer_info is deprecated in Firefox and will be removed. Please use RENDERER.
JavaScript warning: https://pagead2.googlesyndication.com/bg/hTGw0iTttGPYNj9jnBVYIcaXVb8tbW1IYYT-gsExgL0.js line 2 > eval line 7649 > eval line 1 > eval line 1 > eval, line 1: WEBGL_debug_renderer_info is deprecated in Firefox and will be removed. Please use RENDERER.
JavaScript error: , line 0: TypeError: NetworkError when attempting to fetch resource.
JavaScript error: , line 0: TypeError: NetworkError when attempting to fetch resource.
JavaScript error: , line 0: TypeError: NetworkError when attempting to fetch resource.
JavaScript error: , line 0: TypeError: NetworkError when attempting to fetch resource.
JavaScript error: , line 0: TypeError: NetworkError when attempting to fetch resource.
2023-03-06 21:51:42.665 firefox-bin[21480:21131522] _TIPropertyValueIsValid called with 4 on nil context!
2023-03-06 21:51:42.665 firefox-bin[21480:21131522] imkxpc_getApplicationProperty:reply: called with incorrect property value 4, bailing.
2023-03-06 21:51:42.665 firefox-bin[21480:21131522] Text input context does not respond to _valueForTIProperty:
JavaScript error: , line 0: NotFoundError: Could not move source file(/var/folders/vp/87s66ptx7k39w763vq3mc00h0000gn/T/rust_mozprofileJ7I3VQ/bookmarkbackups/bookmarks-2023-03-08_11_2Yg6bdiXLnSgH8G4Oq8n0w==.jsonlz4) because it does not exist
JavaScript error: , line 0: uncaught exception: null
JavaScript error: , line 0: uncaught exception: null
JavaScript error: , line 0: uncaught exception: null
JavaScript error: , line 0: uncaught exception: null
JavaScript error: , line 0: uncaught exception: null
JavaScript error: , line 0: uncaught exception: null
JavaScript error: , line 0: uncaught exception: null
JavaScript error: , line 0: uncaught exception: null
JavaScript error: , line 0: uncaught exception: null
JavaScript error: , line 0: uncaught exception: null
JavaScript error: , line 0: uncaught exception: null
JavaScript error: , line 0: uncaught exception: null
console.error: services.settings: 
  Message: AbortError: IndexedDB: main/normandy-recipes-capabilities getLastModified() IndexedDB:  execute() A request was aborted, for example through a call to IDBTransaction.abort.
JavaScript error: , line 0: uncaught exception: null
JavaScript error: , line 0: uncaught exception: null
JavaScript error: , line 0: uncaught exception: null
JavaScript error: , line 0: uncaught exception: null
JavaScript error: , line 0: uncaught exception: null
JavaScript error: , line 0: uncaught exception: null
JavaScript error: , line 0: uncaught exception: null
JavaScript error: , line 0: uncaught exception: null
JavaScript error: , line 0: uncaught exception: null
JavaScript error: , line 0: uncaught exception: null
JavaScript error: , line 0: uncaught exception: null
JavaScript error: , line 0: uncaught exception: null
JavaScript error: , line 0: uncaught exception: null
JavaScript error: , line 0: uncaught exception: null
JavaScript error: , line 0: uncaught exception: null
JavaScript error: , line 0: uncaught exception: null
JavaScript error: , line 0: uncaught exception: null
JavaScript error: , line 0: uncaught exception: null
JavaScript error: , line 0: uncaught exception: null
JavaScript error: , line 0: uncaught exception: null
JavaScript error: , line 0: uncaught exception: null
JavaScript error: , line 0: uncaught exception: null
JavaScript error: , line 0: uncaught exception: null
JavaScript error: , line 0: uncaught exception: null
JavaScript error: , line 0: uncaught exception: null
JavaScript error: , line 0: uncaught exception: null
JavaScript error: , line 0: uncaught exception: null
JavaScript error: , line 0: uncaught exception: null
JavaScript error: , line 0: uncaught exception: null
JavaScript error: , line 0: uncaught exception: null
JavaScript error: , line 0: uncaught exception: null
JavaScript error: , line 0: uncaught exception: null
JavaScript error: , line 0: uncaught exception: null
JavaScript error: , line 0: uncaught exception: null
JavaScript error: , line 0: uncaught exception: null
JavaScript error: , line 0: uncaught exception: null
JavaScript error: , line 0: uncaught exception: null
JavaScript error: , line 0: uncaught exception: null
JavaScript error: , line 0: NotFoundError: Could not move source file(/var/folders/vp/87s66ptx7k39w763vq3mc00h0000gn/T/rust_mozprofileJ7I3VQ/bookmarkbackups/bookmarks-2023-03-18_11_2Yg6bdiXLnSgH8G4Oq8n0w==.jsonlz4) because it does not exist
JavaScript error: , line 0: uncaught exception: null
JavaScript error: , line 0: uncaught exception: null
JavaScript error: , line 0: uncaught exception: null
JavaScript error: , line 0: uncaught exception: null
JavaScript error: , line 0: uncaught exception: null
JavaScript error: , line 0: uncaught exception: null
JavaScript error: , line 0: uncaught exception: null
JavaScript error: , line 0: uncaught exception: null
JavaScript error: , line 0: uncaught exception: null
JavaScript error: , line 0: uncaught exception: null
JavaScript error: , line 0: uncaught exception: null
JavaScript error: , line 0: uncaught exception: null
JavaScript error: , line 0: uncaught exception: null
JavaScript error: , line 0: uncaught exception: null
JavaScript error: , line 0: uncaught exception: null
JavaScript error: , line 0: uncaught exception: null
JavaScript error: , line 0: uncaught exception: null
JavaScript error: , line 0: uncaught exception: null
JavaScript error: , line 0: uncaught exception: null
JavaScript error: , line 0: uncaught exception: null
JavaScript error: , line 0: uncaught exception: null
JavaScript error: , line 0: uncaught exception: null
JavaScript error: , line 0: uncaught exception: null
JavaScript error: , line 0: uncaught exception: null
JavaScript error: , line 0: uncaught exception: null
JavaScript error: , line 0: uncaught exception: null
JavaScript error: , line 0: uncaught exception: null
JavaScript error: , line 0: uncaught exception: null
JavaScript error: , line 0: uncaught exception: null
JavaScript error: , line 0: uncaught exception: null
JavaScript error: , line 0: uncaught exception: null
JavaScript error: , line 0: uncaught exception: null
JavaScript error: , line 0: uncaught exception: null
JavaScript error: , line 0: uncaught exception: null
JavaScript error: , line 0: uncaught exception: null
JavaScript error: , line 0: uncaught exception: null
JavaScript error: , line 0: uncaught exception: null
JavaScript error: , line 0: uncaught exception: null
JavaScript error: , line 0: uncaught exception: null
JavaScript error: , line 0: uncaught exception: null
JavaScript error: , line 0: uncaught exception: null
JavaScript error: , line 0: uncaught exception: null
JavaScript error: , line 0: uncaught exception: null
JavaScript error: , line 0: uncaught exception: null
JavaScript error: , line 0: uncaught exception: null
JavaScript error: , line 0: uncaught exception: null
JavaScript error: , line 0: uncaught exception: null
JavaScript error: , line 0: uncaught exception: null
JavaScript error: , line 0: uncaught exception: null
JavaScript error: , line 0: uncaught exception: null
JavaScript error: , line 0: uncaught exception: null
JavaScript error: , line 0: uncaught exception: null
JavaScript error: , line 0: uncaught exception: null
JavaScript error: , line 0: uncaught exception: null
JavaScript error: , line 0: uncaught exception: null
JavaScript error: , line 0: uncaught exception: null
JavaScript error: , line 0: uncaught exception: null
JavaScript error: , line 0: uncaught exception: null
JavaScript error: , line 0: uncaught exception: null
JavaScript error: , line 0: uncaught exception: null
JavaScript error: , line 0: uncaught exception: null
JavaScript error: , line 0: uncaught exception: null
JavaScript error: , line 0: uncaught exception: null
JavaScript error: , line 0: uncaught exception: null
JavaScript error: , line 0: uncaught exception: null
JavaScript error: , line 0: uncaught exception: null
JavaScript error: , line 0: uncaught exception: null
JavaScript error: , line 0: uncaught exception: null
JavaScript error: , line 0: uncaught exception: null
JavaScript error: , line 0: uncaught exception: null
JavaScript error: , line 0: uncaught exception: null
1679728608536	Marionette	INFO	Stopped listening on port 51980
JavaScript error: , line 0: AbortError: A request was aborted, for example through a call to IDBTransaction.abort.
JavaScript error: , line 0: uncaught exception: null
JavaScript error: , line 0: uncaught exception: null
console.warn: TopSitesFeed: Failed to fetch data from Contile server: NetworkError when attempting to fetch resource.
